<?xml version="1.0" encoding="UTF-8"?>
<!-- Generated by org.testng.reporters.JUnitXMLReporter -->
<testsuite ignored="0" hostname="WINDOWS-QV5L654" failures="6" tests="8" name="Test" time="6.493" errors="0" timestamp="2026-02-24T18:28:33 IST">
  <testcase classname="tests.JsonPlaceholderTests" name="createPostTest" time="4.569"/>
  <testcase classname="tests.JsonPlaceholderTests" name="validateCreatedPost" time="0.147">
    <failure type="java.lang.AssertionError" message="expected [200] but found [404]">
      <![CDATA[java.lang.AssertionError: expected [200] but found [404]
at tests.JsonPlaceholderTests.validateCreatedPost(JsonPlaceholderTests.java:29)
at java.base/java.util.ArrayList.forEach(ArrayList.java:1596)
... Removed 36 stack frames]]>
    </failure>
  </testcase> <!-- validateCreatedPost -->
  <testcase classname="tests.JsonPlaceholderTests" name="updatePostTest" time="0.753">
    <failure type="java.lang.AssertionError" message="expected [200] but found [500]">
      <![CDATA[java.lang.AssertionError: expected [200] but found [500]
at tests.JsonPlaceholderTests.updatePostTest(JsonPlaceholderTests.java:36)
at java.base/java.util.ArrayList.forEach(ArrayList.java:1596)
... Removed 36 stack frames]]>
    </failure>
  </testcase> <!-- updatePostTest -->
  <testcase classname="tests.JsonPlaceholderTests" name="deletePostTest" time="0.312"/>
  <testcase classname="tests.ReqResTests" name="createUserTest" time="0.163">
    <failure type="java.lang.AssertionError" message="expected [201] but found [403]">
      <![CDATA[java.lang.AssertionError: expected [201] but found [403]
at tests.ReqResTests.createUserTest(ReqResTests.java:17)
at java.base/java.util.ArrayList.forEach(ArrayList.java:1596)
... Removed 36 stack frames]]>
    </failure>
  </testcase> <!-- createUserTest -->
  <testcase classname="tests.ReqResTests" name="validateUserList" time="0.161">
    <failure type="java.lang.AssertionError" message="expected [200] but found [403]">
      <![CDATA[java.lang.AssertionError: expected [200] but found [403]
at tests.ReqResTests.validateUserList(ReqResTests.java:24)
at java.base/java.util.ArrayList.forEach(ArrayList.java:1596)
... Removed 36 stack frames]]>
    </failure>
  </testcase> <!-- validateUserList -->
  <testcase classname="tests.ReqResTests" name="updateUserTest" time="0.133">
    <failure type="java.lang.AssertionError" message="expected [200] but found [403]">
      <![CDATA[java.lang.AssertionError: expected [200] but found [403]
at tests.ReqResTests.updateUserTest(ReqResTests.java:31)
at java.base/java.util.ArrayList.forEach(ArrayList.java:1596)
... Removed 36 stack frames]]>
    </failure>
  </testcase> <!-- updateUserTest -->
  <testcase classname="tests.ReqResTests" name="deleteUserTest" time="0.131">
    <failure type="java.lang.AssertionError" message="expected [204] but found [403]">
      <![CDATA[java.lang.AssertionError: expected [204] but found [403]
at tests.ReqResTests.deleteUserTest(ReqResTests.java:37)
at java.base/java.util.ArrayList.forEach(ArrayList.java:1596)
... Removed 36 stack frames]]>
    </failure>
  </testcase> <!-- deleteUserTest -->
</testsuite> <!-- Test -->
